<?xml version="1.0" encoding="UTF-8"?>
<testng-results skipped="0" failed="0" ignored="0" total="1" passed="1">
  <reporter-output>
  </reporter-output>
  <suite name="Smoke" duration-ms="34220" started-at="2020-06-02T15:59:14Z" finished-at="2020-06-02T15:59:48Z">
    <groups>
    </groups>
    <test name="BookingStatus" duration-ms="34220" started-at="2020-06-02T15:59:14Z" finished-at="2020-06-02T15:59:48Z">
      <class name="test.BookingStatusTests">
        <test-method status="PASS" signature="setUp()[pri:0, instance:test.BookingStatusTests@68837a77]" name="setUp" is-config="true" duration-ms="12609" started-at="2020-06-02T15:59:14Z" finished-at="2020-06-02T15:59:26Z">
          <reporter-output>
          </reporter-output>
        </test-method> <!-- setUp -->
        <test-method status="PASS" signature="ticketWithWrongUserData()[pri:0, instance:test.BookingStatusTests@68837a77]" name="ticketWithWrongUserData" duration-ms="19953" started-at="2020-06-02T15:59:26Z" finished-at="2020-06-02T15:59:46Z">
          <reporter-output>
          </reporter-output>
        </test-method> <!-- ticketWithWrongUserData -->
        <test-method status="PASS" signature="stopBrowser()[pri:0, instance:test.BookingStatusTests@68837a77]" name="stopBrowser" is-config="true" duration-ms="1635" started-at="2020-06-02T15:59:46Z" finished-at="2020-06-02T15:59:48Z">
          <reporter-output>
          </reporter-output>
        </test-method> <!-- stopBrowser -->
      </class> <!-- test.BookingStatusTests -->
    </test> <!-- BookingStatus -->
  </suite> <!-- Smoke -->
</testng-results>
